11:19:51.235 [main] DEBUG com.kesav.Utility.BaseTest -  Set property Successfully executed
11:19:51.297 [main] DEBUG com.kesav.Utility.BaseTest - Hitting Amazon Server
11:19:56.240 [main] DEBUG com.kesav.Utility.BaseTest - Amazon Server opened Successfully
11:20:04.102 [main] DEBUG com.kesav.Constants.HomeMenuComponents - Home Menu Clicked
11:20:04.347 [main] DEBUG com.kesav.Constants.HomeMenuComponents - toysBabyProductsKidsFashion clicked
11:20:07.423 [main] ERROR com.kesav.Constants.HomeMenuComponents - toysAndGames Clicked
11:28:09.329 [main] DEBUG com.kesav.Utility.BaseTest -  Set property Successfully executed
11:28:09.375 [main] DEBUG com.kesav.Utility.BaseTest - Hitting Amazon Server
11:28:13.218 [main] DEBUG com.kesav.Utility.BaseTest - Amazon Server opened Successfully
11:28:21.265 [main] DEBUG com.kesav.Constants.HomeMenuComponents - Home Menu Clicked
11:28:21.559 [main] DEBUG com.kesav.Constants.HomeMenuComponents - tvAppliancesElectronics clicked
11:28:28.740 [main] DEBUG com.kesav.Constants.HomeMenuComponents - televisons Not Clicked
11:28:30.250 [main] DEBUG com.kesav.Constants.HomeMenuComponents - androidBased  Clicked
11:28:32.838 [main] DEBUG com.kesav.Constants.HomeMenuComponents - fiftyFiveAbove  Clicked
11:28:36.311 [main] DEBUG com.kesav.Constants.HomeMenuComponents - fiftyFiveAbove  Clicked
11:28:37.093 [main] DEBUG com.kesav.Constants.AmountRange - LowPrice2  Clicked
11:28:38.180 [main] DEBUG com.kesav.Constants.AmountRange - MaxPrice2  Clicked
11:28:40.692 [main] DEBUG com.kesav.Constants.AmountRange - Go  Clicked
11:33:51.615 [main] INFO  com.kesav.Utility.BaseTest - -------------------TvOrder---------------------------------
11:34:00.129 [main] DEBUG com.kesav.Utility.BaseTest -  Set property Successfully executed
11:34:00.169 [main] DEBUG com.kesav.Utility.BaseTest - Hitting Amazon Server
11:34:03.989 [main] DEBUG com.kesav.Utility.BaseTest - Amazon Server opened Successfully
11:34:13.651 [main] DEBUG com.kesav.Constants.HomeMenuComponents - Home Menu Clicked
11:34:14.678 [main] DEBUG com.kesav.Constants.HomeMenuComponents - tvAppliancesElectronics clicked
11:34:23.828 [main] DEBUG com.kesav.Constants.HomeMenuComponents - televisons Not Clicked
11:34:27.823 [main] DEBUG com.kesav.Constants.HomeMenuComponents - androidBased  Clicked
11:34:28.323 [main] DEBUG com.kesav.Constants.HomeMenuComponents - fiftyFiveAbove  Clicked
11:34:30.207 [main] DEBUG com.kesav.Constants.HomeMenuComponents - fiftyFiveAbove  Clicked
11:34:31.472 [main] DEBUG com.kesav.Constants.AmountRange - LowPrice2  Clicked
11:34:32.695 [main] DEBUG com.kesav.Constants.AmountRange - MaxPrice2  Clicked
11:34:35.936 [main] DEBUG com.kesav.Constants.AmountRange - Go  Clicked
11:34:38.809 [main] INFO  com.kesav.Utility.BaseTest - -------------------PrestigeOrder---------------------------------
11:34:49.313 [main] DEBUG com.kesav.Utility.BaseTest -  Set property Successfully executed
11:34:49.329 [main] DEBUG com.kesav.Utility.BaseTest - Hitting Amazon Server
11:34:56.995 [main] DEBUG com.kesav.Utility.BaseTest - Amazon Server opened Successfully
11:35:06.748 [main] DEBUG com.kesav.Constants.HomeMenuComponents - Home Menu Clicked
11:35:10.279 [main] DEBUG com.kesav.Constants.HomeMenuComponents - homeKitchenPets clicked
11:35:15.208 [main] DEBUG com.kesav.Constants.HomeMenuComponents - KitchenDining Clicked
11:35:20.296 [main] ERROR com.kesav.Constants.AmountRange - LowPrice1 Not Clicked
