[0928/165848.993:ERROR:process_info.cc(375)] NtQuerySystemInformation SystemExtendedHandleInformation: The specified information record length does not match the length required for the specified information class. (0xc0000004)
[0928/165849.007:ERROR:process_memory_win.cc(73)] ReadMemory at 0x1bcb99eaae0 of 72 bytes failed: Only part of a ReadProcessMemory or WriteProcessMemory request was completed. (0x12B)
[0928/165849.008:WARNING:pe_image_annotations_reader.cc(135)] could not read annotations list object in C:\Program Files (x86)\Google\Chrome\Application\85.0.4183.121\chrome_elf.dll
[0928/165849.008:ERROR:process_memory_win.cc(73)] ReadMemory at 0x1bcb9a27ab0 of 72 bytes failed: Only part of a ReadProcessMemory or WriteProcessMemory request was completed. (0x12B)
[0928/165849.008:WARNING:pe_image_annotations_reader.cc(135)] could not read annotations list object in C:\Program Files (x86)\Google\Chrome\Application\85.0.4183.121\chrome.dll
[0928/165849.010:ERROR:process_memory_win.cc(73)] ReadMemory at 0x1bcbb0d0000 of 64 bytes failed: Only part of a ReadProcessMemory or WriteProcessMemory request was completed. (0x12B)
[0928/165849.010:WARNING:pe_image_reader.cc(340)] could not read dos header from C:\Windows\System32\USER32.dll
[0928/165849.047:ERROR:process_memory_win.cc(73)] ReadMemory at 0x1bcb99eaae0 of 72 bytes failed: Only part of a ReadProcessMemory or WriteProcessMemory request was completed. (0x12B)
[0928/165849.048:WARNING:pe_image_annotations_reader.cc(135)] could not read annotations list object in C:\Program Files (x86)\Google\Chrome\Application\85.0.4183.121\chrome_elf.dll
[0928/165849.048:ERROR:process_memory_win.cc(73)] ReadMemory at 0x1bcb9a27ab0 of 72 bytes failed: Only part of a ReadProcessMemory or WriteProcessMemory request was completed. (0x12B)
[0928/165849.048:WARNING:pe_image_annotations_reader.cc(135)] could not read annotations list object in C:\Program Files (x86)\Google\Chrome\Application\85.0.4183.121\chrome.dll
[0928/165849.049:ERROR:process_memory_win.cc(73)] ReadMemory at 0x1bcbb0d0000 of 64 bytes failed: Only part of a ReadProcessMemory or WriteProcessMemory request was completed. (0x12B)
[0928/165849.049:WARNING:pe_image_reader.cc(340)] could not read dos header from C:\Windows\System32\USER32.dll
[0928/165849.049:ERROR:process_memory_win.cc(73)] ReadMemory at 0x1bcb99eaae0 of 72 bytes failed: Only part of a ReadProcessMemory or WriteProcessMemory request was completed. (0x12B)
[0928/165849.049:WARNING:pe_image_annotations_reader.cc(135)] could not read annotations list object in C:\Program Files (x86)\Google\Chrome\Application\85.0.4183.121\chrome_elf.dll
[0928/165849.049:ERROR:process_memory_win.cc(73)] ReadMemory at 0x1bcb9a27ab0 of 72 bytes failed: Only part of a ReadProcessMemory or WriteProcessMemory request was completed. (0x12B)
[0928/165849.049:WARNING:pe_image_annotations_reader.cc(135)] could not read annotations list object in C:\Program Files (x86)\Google\Chrome\Application\85.0.4183.121\chrome.dll
[0928/165849.050:ERROR:process_memory_win.cc(73)] ReadMemory at 0x1bcbb0d0000 of 64 bytes failed: Only part of a ReadProcessMemory or WriteProcessMemory request was completed. (0x12B)
[0928/165849.050:WARNING:pe_image_reader.cc(340)] could not read dos header from C:\Windows\System32\USER32.dll
[0928/165849.174:ERROR:process_memory_win.cc(73)] ReadMemory at 0xad713e0000 of 131072 bytes failed: Only part of a ReadProcessMemory or WriteProcessMemory request was completed. (0x12B)
[0928/165849.174:ERROR:process_memory_win.cc(73)] ReadMemory at 0xad71bfd000 of 12288 bytes failed: Only part of a ReadProcessMemory or WriteProcessMemory request was completed. (0x12B)
[0928/165849.175:ERROR:process_memory_win.cc(73)] ReadMemory at 0xad723f7000 of 36864 bytes failed: Only part of a ReadProcessMemory or WriteProcessMemory request was completed. (0x12B)
[0928/165849.175:ERROR:process_memory_win.cc(73)] ReadMemory at 0xad72bfd000 of 12288 bytes failed: Only part of a ReadProcessMemory or WriteProcessMemory request was completed. (0x12B)
[0928/165849.175:ERROR:process_memory_win.cc(73)] ReadMemory at 0xad733fc000 of 16384 bytes failed: Only part of a ReadProcessMemory or WriteProcessMemory request was completed. (0x12B)
[0928/165849.175:ERROR:process_memory_win.cc(73)] ReadMemory at 0xad73bff000 of 4096 bytes failed: Only part of a ReadProcessMemory or WriteProcessMemory request was completed. (0x12B)
[0928/165849.175:ERROR:process_memory_win.cc(73)] ReadMemory at 0xad743fc000 of 16384 bytes failed: Only part of a ReadProcessMemory or WriteProcessMemory request was completed. (0x12B)
[0928/165849.175:ERROR:process_memory_win.cc(73)] ReadMemory at 0xad74bfc000 of 16384 bytes failed: Only part of a ReadProcessMemory or WriteProcessMemory request was completed. (0x12B)
[0928/165849.175:ERROR:process_memory_win.cc(73)] ReadMemory at 0xad753fb000 of 20480 bytes failed: Only part of a ReadProcessMemory or WriteProcessMemory request was completed. (0x12B)
[0928/165849.176:ERROR:process_memory_win.cc(73)] ReadMemory at 0xad75bfa000 of 24576 bytes failed: Only part of a ReadProcessMemory or WriteProcessMemory request was completed. (0x12B)
[0928/165849.176:ERROR:process_memory_win.cc(73)] ReadMemory at 0xad763fa000 of 24576 bytes failed: Only part of a ReadProcessMemory or WriteProcessMemory request was completed. (0x12B)
[0928/165849.176:ERROR:process_memory_win.cc(73)] ReadMemory at 0xad76bfa000 of 24576 bytes failed: Only part of a ReadProcessMemory or WriteProcessMemory request was completed. (0x12B)
[0928/165849.176:ERROR:process_memory_win.cc(73)] ReadMemory at 0xad77bfc000 of 16384 bytes failed: Only part of a ReadProcessMemory or WriteProcessMemory request was completed. (0x12B)
[0928/165849.176:ERROR:process_memory_win.cc(73)] ReadMemory at 0xad783fc000 of 16384 bytes failed: Only part of a ReadProcessMemory or WriteProcessMemory request was completed. (0x12B)
[0928/165849.176:ERROR:process_memory_win.cc(73)] ReadMemory at 0xad773fd000 of 12288 bytes failed: Only part of a ReadProcessMemory or WriteProcessMemory request was completed. (0x12B)
[0928/165849.177:ERROR:process_memory_win.cc(73)] ReadMemory at 0xad70b2d000 of 852 bytes failed: Only part of a ReadProcessMemory or WriteProcessMemory request was completed. (0x12B)
[0928/165849.177:ERROR:process_memory_win.cc(73)] ReadMemory at 0xad70b2e000 of 6024 bytes failed: Only part of a ReadProcessMemory or WriteProcessMemory request was completed. (0x12B)
[0928/165849.177:ERROR:process_memory_win.cc(73)] ReadMemory at 0xad70b30000 of 6024 bytes failed: Only part of a ReadProcessMemory or WriteProcessMemory request was completed. (0x12B)
[0928/165849.177:ERROR:process_memory_win.cc(73)] ReadMemory at 0xad70b32000 of 6024 bytes failed: Only part of a ReadProcessMemory or WriteProcessMemory request was completed. (0x12B)
[0928/165849.177:ERROR:process_memory_win.cc(73)] ReadMemory at 0xad70b34000 of 6024 bytes failed: Only part of a ReadProcessMemory or WriteProcessMemory request was completed. (0x12B)
[0928/165849.177:ERROR:process_memory_win.cc(73)] ReadMemory at 0xad70b36000 of 6024 bytes failed: Only part of a ReadProcessMemory or WriteProcessMemory request was completed. (0x12B)
[0928/165849.177:ERROR:process_memory_win.cc(73)] ReadMemory at 0xad70b38000 of 6024 bytes failed: Only part of a ReadProcessMemory or WriteProcessMemory request was completed. (0x12B)
[0928/165849.177:ERROR:process_memory_win.cc(73)] ReadMemory at 0xad70b3a000 of 6024 bytes failed: Only part of a ReadProcessMemory or WriteProcessMemory request was completed. (0x12B)
[0928/165849.178:ERROR:process_memory_win.cc(73)] ReadMemory at 0xad70b3c000 of 6024 bytes failed: Only part of a ReadProcessMemory or WriteProcessMemory request was completed. (0x12B)
[0928/165849.178:ERROR:process_memory_win.cc(73)] ReadMemory at 0xad70b3e000 of 6024 bytes failed: Only part of a ReadProcessMemory or WriteProcessMemory request was completed. (0x12B)
[0928/165849.178:ERROR:process_memory_win.cc(73)] ReadMemory at 0xad70b40000 of 6024 bytes failed: Only part of a ReadProcessMemory or WriteProcessMemory request was completed. (0x12B)
[0928/165849.178:ERROR:process_memory_win.cc(73)] ReadMemory at 0xad70b42000 of 6024 bytes failed: Only part of a ReadProcessMemory or WriteProcessMemory request was completed. (0x12B)
[0928/165849.178:ERROR:process_memory_win.cc(73)] ReadMemory at 0xad70b44000 of 6024 bytes failed: Only part of a ReadProcessMemory or WriteProcessMemory request was completed. (0x12B)
[0928/165849.179:ERROR:process_memory_win.cc(73)] ReadMemory at 0xad70b48000 of 6024 bytes failed: Only part of a ReadProcessMemory or WriteProcessMemory request was completed. (0x12B)
[0928/165849.179:ERROR:process_memory_win.cc(73)] ReadMemory at 0xad70b4a000 of 6024 bytes failed: Only part of a ReadProcessMemory or WriteProcessMemory request was completed. (0x12B)
[0928/165849.179:ERROR:process_memory_win.cc(73)] ReadMemory at 0xad70b4e000 of 6024 bytes failed: Only part of a ReadProcessMemory or WriteProcessMemory request was completed. (0x12B)
[0928/165849.179:ERROR:process_memory_win.cc(73)] ReadMemory at 0x1bcb9910d00 of 512 bytes failed: Only part of a ReadProcessMemory or WriteProcessMemory request was completed. (0x12B)
[0928/165849.179:ERROR:process_memory_win.cc(73)] ReadMemory at 0x1bcb9911f00 of 512 bytes failed: Only part of a ReadProcessMemory or WriteProcessMemory request was completed. (0x12B)
[0928/165849.179:ERROR:process_memory_win.cc(73)] ReadMemory at 0x1bcb99e0000 of 384 bytes failed: Only part of a ReadProcessMemory or WriteProcessMemory request was completed. (0x12B)
[0928/165849.180:ERROR:process_memory_win.cc(73)] ReadMemory at 0x1bcb99e0fe0 of 4580 bytes failed: Only part of a ReadProcessMemory or WriteProcessMemory request was completed. (0x12B)
[0928/165849.181:ERROR:process_memory_win.cc(73)] ReadMemory at 0x1bcb99e21d0 of 1012 bytes failed: Only part of a ReadProcessMemory or WriteProcessMemory request was completed. (0x12B)
[0928/165849.181:ERROR:process_memory_win.cc(73)] ReadMemory at 0x1bcb99e2818 of 118 bytes failed: Only part of a ReadProcessMemory or WriteProcessMemory request was completed. (0x12B)
[0928/165849.181:ERROR:process_memory_win.cc(73)] ReadMemory at 0x1bcb99e2890 of 1178 bytes failed: Only part of a ReadProcessMemory or WriteProcessMemory request was completed. (0x12B)
[0928/165849.181:ERROR:process_memory_win.cc(73)] ReadMemory at 0x1bcb99e2d2c of 118 bytes failed: Only part of a ReadProcessMemory or WriteProcessMemory request was completed. (0x12B)
[0928/165849.181:ERROR:process_memory_win.cc(73)] ReadMemory at 0x1bcb99e2da4 of 104 bytes failed: Only part of a ReadProcessMemory or WriteProcessMemory request was completed. (0x12B)
[0928/165849.181:ERROR:process_memory_win.cc(73)] ReadMemory at 0x1bcb99e2e20 of 58 bytes failed: Only part of a ReadProcessMemory or WriteProcessMemory request was completed. (0x12B)
[0928/165849.182:ERROR:process_memory_win.cc(73)] ReadMemory at 0x1bcb99e2f20 of 132 bytes failed: Only part of a ReadProcessMemory or WriteProcessMemory request was completed. (0x12B)
[0928/165849.187:ERROR:process_memory_win.cc(73)] ReadMemory at 0x1bcb99e30b0 of 132 bytes failed: Only part of a ReadProcessMemory or WriteProcessMemory request was completed. (0x12B)
[0928/165849.187:ERROR:process_memory_win.cc(73)] ReadMemory at 0x1bcb99e3270 of 126 bytes failed: Only part of a ReadProcessMemory or WriteProcessMemory request was completed. (0x12B)
[0928/165849.187:ERROR:process_memory_win.cc(73)] ReadMemory at 0x1bcb99e3650 of 132 bytes failed: Only part of a ReadProcessMemory or WriteProcessMemory request was completed. (0x12B)
[0928/165849.187:ERROR:process_memory_win.cc(73)] ReadMemory at 0x1bcb99e37e0 of 64 bytes failed: Only part of a ReadProcessMemory or WriteProcessMemory request was completed. (0x12B)
[0928/165849.187:ERROR:process_memory_win.cc(73)] ReadMemory at 0x1bcb99e3c40 of 132 bytes failed: Only part of a ReadProcessMemory or WriteProcessMemory request was completed. (0x12B)
[0928/165849.187:ERROR:process_memory_win.cc(73)] ReadMemory at 0x1bcb99e3dd0 of 68 bytes failed: Only part of a ReadProcessMemory or WriteProcessMemory request was completed. (0x12B)
[0928/165849.188:ERROR:process_memory_win.cc(73)] ReadMemory at 0x1bcb99e4e90 of 132 bytes failed: Only part of a ReadProcessMemory or WriteProcessMemory request was completed. (0x12B)
[0928/165849.188:ERROR:process_memory_win.cc(73)] ReadMemory at 0x1bcb99e4fd0 of 132 bytes failed: Only part of a ReadProcessMemory or WriteProcessMemory request was completed. (0x12B)
[0928/165849.190:ERROR:process_memory_win.cc(73)] ReadMemory at 0x1bcb99e5100 of 154 bytes failed: Only part of a ReadProcessMemory or WriteProcessMemory request was completed. (0x12B)
[0928/165849.190:ERROR:process_memory_win.cc(73)] ReadMemory at 0x1bcb99e5f00 of 62 bytes failed: Only part of a ReadProcessMemory or WriteProcessMemory request was completed. (0x12B)
[0928/165849.195:ERROR:process_memory_win.cc(73)] ReadMemory at 0x1bcb99e6060 of 132 bytes failed: Only part of a ReadProcessMemory or WriteProcessMemory request was completed. (0x12B)
[0928/165849.195:ERROR:process_memory_win.cc(73)] ReadMemory at 0x1bcb99e61f0 of 60 bytes failed: Only part of a ReadProcessMemory or WriteProcessMemory request was completed. (0x12B)
[0928/165849.195:ERROR:process_memory_win.cc(73)] ReadMemory at 0x1bcb99ee6b0 of 54 bytes failed: Only part of a ReadProcessMemory or WriteProcessMemory request was completed. (0x12B)
[0928/165849.195:ERROR:process_memory_win.cc(73)] ReadMemory at 0x1bcb99ef840 of 80 bytes failed: Only part of a ReadProcessMemory or WriteProcessMemory request was completed. (0x12B)
[0928/165849.198:ERROR:process_memory_win.cc(73)] ReadMemory at 0x1bcb99ef9ac of 512 bytes failed: Only part of a ReadProcessMemory or WriteProcessMemory request was completed. (0x12B)
[0928/165849.198:ERROR:process_memory_win.cc(73)] ReadMemory at 0x1bcb99f39c0 of 132 bytes failed: Only part of a ReadProcessMemory or WriteProcessMemory request was completed. (0x12B)
[0928/165849.198:ERROR:process_memory_win.cc(73)] ReadMemory at 0x1bcb99f3dd0 of 132 bytes failed: Only part of a ReadProcessMemory or WriteProcessMemory request was completed. (0x12B)
[0928/165849.200:ERROR:process_memory_win.cc(73)] ReadMemory at 0x1bcb99f4330 of 132 bytes failed: Only part of a ReadProcessMemory or WriteProcessMemory request was completed. (0x12B)
[0928/165849.200:ERROR:process_memory_win.cc(73)] ReadMemory at 0x1bcb99f4550 of 132 bytes failed: Only part of a ReadProcessMemory or WriteProcessMemory request was completed. (0x12B)
[0928/165849.200:ERROR:process_memory_win.cc(73)] ReadMemory at 0x1bcb99f4740 of 132 bytes failed: Only part of a ReadProcessMemory or WriteProcessMemory request was completed. (0x12B)
[0928/165849.200:ERROR:process_memory_win.cc(73)] ReadMemory at 0x1bcb99f5400 of 146 bytes failed: Only part of a ReadProcessMemory or WriteProcessMemory request was completed. (0x12B)
[0928/165849.200:ERROR:process_memory_win.cc(73)] ReadMemory at 0x1bcb99f5ab0 of 132 bytes failed: Only part of a ReadProcessMemory or WriteProcessMemory request was completed. (0x12B)
[0928/165849.200:ERROR:process_memory_win.cc(73)] ReadMemory at 0x1bcb99f5cc0 of 132 bytes failed: Only part of a ReadProcessMemory or WriteProcessMemory request was completed. (0x12B)
[0928/165849.200:ERROR:process_memory_win.cc(73)] ReadMemory at 0x1bcb99f5ff0 of 132 bytes failed: Only part of a ReadProcessMemory or WriteProcessMemory request was completed. (0x12B)
[0928/165849.201:ERROR:process_memory_win.cc(73)] ReadMemory at 0x1bcb99f6120 of 132 bytes failed: Only part of a ReadProcessMemory or WriteProcessMemory request was completed. (0x12B)
[0928/165849.202:ERROR:process_memory_win.cc(73)] ReadMemory at 0x1bcb99f6250 of 132 bytes failed: Only part of a ReadProcessMemory or WriteProcessMemory request was completed. (0x12B)
[0928/165849.202:ERROR:process_memory_win.cc(73)] ReadMemory at 0x1bcb99f6380 of 132 bytes failed: Only part of a ReadProcessMemory or WriteProcessMemory request was completed. (0x12B)
[0928/165849.202:ERROR:process_memory_win.cc(73)] ReadMemory at 0x1bcb99f64b0 of 132 bytes failed: Only part of a ReadProcessMemory or WriteProcessMemory request was completed. (0x12B)
[0928/165849.202:ERROR:process_memory_win.cc(73)] ReadMemory at 0x1bcb99f65e0 of 132 bytes failed: Only part of a ReadProcessMemory or WriteProcessMemory request was completed. (0x12B)
[0928/165849.202:ERROR:process_memory_win.cc(73)] ReadMemory at 0x1bcb99f6710 of 132 bytes failed: Only part of a ReadProcessMemory or WriteProcessMemory request was completed. (0x12B)
[0928/165849.202:ERROR:process_memory_win.cc(73)] ReadMemory at 0x1bcb99f6840 of 132 bytes failed: Only part of a ReadProcessMemory or WriteProcessMemory request was completed. (0x12B)
[0928/165849.214:ERROR:process_memory_win.cc(73)] ReadMemory at 0x1bcb99f6970 of 132 bytes failed: Only part of a ReadProcessMemory or WriteProcessMemory request was completed. (0x12B)
[0928/165849.215:ERROR:process_memory_win.cc(73)] ReadMemory at 0x1bcb99f6aa0 of 132 bytes failed: Only part of a ReadProcessMemory or WriteProcessMemory request was completed. (0x12B)
[0928/165849.215:ERROR:process_memory_win.cc(73)] ReadMemory at 0x1bcb99f6bd0 of 132 bytes failed: Only part of a ReadProcessMemory or WriteProcessMemory request was completed. (0x12B)
[0928/165849.215:ERROR:process_memory_win.cc(73)] ReadMemory at 0x1bcb99f6e30 of 132 bytes failed: Only part of a ReadProcessMemory or WriteProcessMemory request was completed. (0x12B)
[0928/165849.215:ERROR:process_memory_win.cc(73)] ReadMemory at 0x1bcb99f7f70 of 132 bytes failed: Only part of a ReadProcessMemory or WriteProcessMemory request was completed. (0x12B)
[0928/165849.216:ERROR:process_memory_win.cc(73)] ReadMemory at 0x1bcb99f8b60 of 132 bytes failed: Only part of a ReadProcessMemory or WriteProcessMemory request was completed. (0x12B)
[0928/165849.216:ERROR:process_memory_win.cc(73)] ReadMemory at 0x1bcb99fcca0 of 62 bytes failed: Only part of a ReadProcessMemory or WriteProcessMemory request was completed. (0x12B)
[0928/165849.216:ERROR:process_memory_win.cc(73)] ReadMemory at 0x1bcb99fcd90 of 58 bytes failed: Only part of a ReadProcessMemory or WriteProcessMemory request was completed. (0x12B)
[0928/165849.216:ERROR:process_memory_win.cc(73)] ReadMemory at 0x1bcb99fce80 of 60 bytes failed: Only part of a ReadProcessMemory or WriteProcessMemory request was completed. (0x12B)
[0928/165849.216:ERROR:process_memory_win.cc(73)] ReadMemory at 0x1bcb99fced0 of 64 bytes failed: Only part of a ReadProcessMemory or WriteProcessMemory request was completed. (0x12B)
[0928/165849.216:ERROR:process_memory_win.cc(73)] ReadMemory at 0x1bcb99fcf20 of 64 bytes failed: Only part of a ReadProcessMemory or WriteProcessMemory request was completed. (0x12B)
[0928/165849.216:ERROR:process_memory_win.cc(73)] ReadMemory at 0x1bcb99fcfc0 of 62 bytes failed: Only part of a ReadProcessMemory or WriteProcessMemory request was completed. (0x12B)
[0928/165849.216:ERROR:process_memory_win.cc(73)] ReadMemory at 0x1bcb99fd010 of 62 bytes failed: Only part of a ReadProcessMemory or WriteProcessMemory request was completed. (0x12B)
[0928/165849.218:ERROR:process_memory_win.cc(73)] ReadMemory at 0x1bcb99fd060 of 64 bytes failed: Only part of a ReadProcessMemory or WriteProcessMemory request was completed. (0x12B)
[0928/165849.226:ERROR:process_memory_win.cc(73)] ReadMemory at 0x1bcb99fd150 of 60 bytes failed: Only part of a ReadProcessMemory or WriteProcessMemory request was completed. (0x12B)
[0928/165849.227:ERROR:process_memory_win.cc(73)] ReadMemory at 0x1bcb99fd1f0 of 60 bytes failed: Only part of a ReadProcessMemory or WriteProcessMemory request was completed. (0x12B)
[0928/165849.227:ERROR:process_memory_win.cc(73)] ReadMemory at 0x1bcb99fd240 of 64 bytes failed: Only part of a ReadProcessMemory or WriteProcessMemory request was completed. (0x12B)
[0928/165849.229:ERROR:process_memory_win.cc(73)] ReadMemory at 0x1bcb99fd290 of 66 bytes failed: Only part of a ReadProcessMemory or WriteProcessMemory request was completed. (0x12B)
[0928/165849.229:ERROR:process_memory_win.cc(73)] ReadMemory at 0x1bcb99fd2e0 of 64 bytes failed: Only part of a ReadProcessMemory or WriteProcessMemory request was completed. (0x12B)
[0928/165849.229:ERROR:process_memory_win.cc(73)] ReadMemory at 0x1bcb99fd330 of 62 bytes failed: Only part of a ReadProcessMemory or WriteProcessMemory request was completed. (0x12B)
[0928/165849.229:ERROR:process_memory_win.cc(73)] ReadMemory at 0x1bcb99fd4c0 of 62 bytes failed: Only part of a ReadProcessMemory or WriteProcessMemory request was completed. (0x12B)
[0928/165849.230:ERROR:process_memory_win.cc(73)] ReadMemory at 0x1bcb99fd5b0 of 62 bytes failed: Only part of a ReadProcessMemory or WriteProcessMemory request was completed. (0x12B)
[0928/165849.241:ERROR:process_memory_win.cc(73)] ReadMemory at 0x1bcb99fd6a0 of 62 bytes failed: Only part of a ReadProcessMemory or WriteProcessMemory request was completed. (0x12B)
[0928/165849.241:ERROR:process_memory_win.cc(73)] ReadMemory at 0x1bcb99fd790 of 66 bytes failed: Only part of a ReadProcessMemory or WriteProcessMemory request was completed. (0x12B)
[0928/165849.241:ERROR:process_memory_win.cc(73)] ReadMemory at 0x1bcb99fd7e0 of 64 bytes failed: Only part of a ReadProcessMemory or WriteProcessMemory request was completed. (0x12B)
[0928/165849.241:ERROR:process_memory_win.cc(73)] ReadMemory at 0x1bcb99fd830 of 64 bytes failed: Only part of a ReadProcessMemory or WriteProcessMemory request was completed. (0x12B)
[0928/165849.242:ERROR:process_memory_win.cc(73)] ReadMemory at 0x1bcb99fd880 of 60 bytes failed: Only part of a ReadProcessMemory or WriteProcessMemory request was completed. (0x12B)
[0928/165849.242:ERROR:process_memory_win.cc(73)] ReadMemory at 0x1bcb99fd9c0 of 60 bytes failed: Only part of a ReadProcessMemory or WriteProcessMemory request was completed. (0x12B)
[0928/165849.242:ERROR:process_memory_win.cc(73)] ReadMemory at 0x1bcb99fda10 of 62 bytes failed: Only part of a ReadProcessMemory or WriteProcessMemory request was completed. (0x12B)
[0928/165849.255:ERROR:process_memory_win.cc(73)] ReadMemory at 0x1bcb99fda60 of 62 bytes failed: Only part of a ReadProcessMemory or WriteProcessMemory request was completed. (0x12B)
[0928/165849.256:ERROR:process_memory_win.cc(73)] ReadMemory at 0x1bcb99fdb00 of 64 bytes failed: Only part of a ReadProcessMemory or WriteProcessMemory request was completed. (0x12B)
[0928/165849.256:ERROR:process_memory_win.cc(73)] ReadMemory at 0x1bcb99fdb50 of 60 bytes failed: Only part of a ReadProcessMemory or WriteProcessMemory request was completed. (0x12B)
[0928/165849.256:ERROR:process_memory_win.cc(73)] ReadMemory at 0x1bcb99fdba0 of 62 bytes failed: Only part of a ReadProcessMemory or WriteProcessMemory request was completed. (0x12B)
[0928/165849.256:ERROR:process_memory_win.cc(73)] ReadMemory at 0x1bcb9a00d50 of 132 bytes failed: Only part of a ReadProcessMemory or WriteProcessMemory request was completed. (0x12B)
[0928/165849.256:ERROR:process_memory_win.cc(73)] ReadMemory at 0x1bcb9a01680 of 132 bytes failed: Only part of a ReadProcessMemory or WriteProcessMemory request was completed. (0x12B)
[0928/165849.256:ERROR:process_memory_win.cc(73)] ReadMemory at 0x1bcb9a017b0 of 132 bytes failed: Only part of a ReadProcessMemory or WriteProcessMemory request was completed. (0x12B)
[0928/165849.256:ERROR:process_memory_win.cc(73)] ReadMemory at 0x1bcb9a018e0 of 132 bytes failed: Only part of a ReadProcessMemory or WriteProcessMemory request was completed. (0x12B)
[0928/165849.257:ERROR:process_memory_win.cc(73)] ReadMemory at 0x1bcb9a01a10 of 132 bytes failed: Only part of a ReadProcessMemory or WriteProcessMemory request was completed. (0x12B)
[0928/165849.257:ERROR:process_memory_win.cc(73)] ReadMemory at 0x1bcb9a01b40 of 132 bytes failed: Only part of a ReadProcessMemory or WriteProcessMemory request was completed. (0x12B)
[0928/165849.257:ERROR:process_memory_win.cc(73)] ReadMemory at 0x1bcb9a01c70 of 132 bytes failed: Only part of a ReadProcessMemory or WriteProcessMemory request was completed. (0x12B)
[0928/165849.257:ERROR:process_memory_win.cc(73)] ReadMemory at 0x1bcb9a01da0 of 132 bytes failed: Only part of a ReadProcessMemory or WriteProcessMemory request was completed. (0x12B)
[0928/165849.257:ERROR:process_memory_win.cc(73)] ReadMemory at 0x1bcb9a01ed0 of 132 bytes failed: Only part of a ReadProcessMemory or WriteProcessMemory request was completed. (0x12B)
[0928/165849.257:ERROR:process_memory_win.cc(73)] ReadMemory at 0x1bcb9a02000 of 132 bytes failed: Only part of a ReadProcessMemory or WriteProcessMemory request was completed. (0x12B)
[0928/165849.257:ERROR:process_memory_win.cc(73)] ReadMemory at 0x1bcb9a02260 of 132 bytes failed: Only part of a ReadProcessMemory or WriteProcessMemory request was completed. (0x12B)
[0928/165849.258:ERROR:process_memory_win.cc(73)] ReadMemory at 0x1bcb9a025f0 of 132 bytes failed: Only part of a ReadProcessMemory or WriteProcessMemory request was completed. (0x12B)
[0928/165849.258:ERROR:process_memory_win.cc(73)] ReadMemory at 0x1bcb9a02720 of 132 bytes failed: Only part of a ReadProcessMemory or WriteProcessMemory request was completed. (0x12B)
[0928/165849.258:ERROR:process_memory_win.cc(73)] ReadMemory at 0x1bcb9a02850 of 132 bytes failed: Only part of a ReadProcessMemory or WriteProcessMemory request was completed. (0x12B)
[0928/165849.258:ERROR:process_memory_win.cc(73)] ReadMemory at 0x1bcb9a02980 of 132 bytes failed: Only part of a ReadProcessMemory or WriteProcessMemory request was completed. (0x12B)
[0928/165849.258:ERROR:process_memory_win.cc(73)] ReadMemory at 0x1bcb9a02ab0 of 132 bytes failed: Only part of a ReadProcessMemory or WriteProcessMemory request was completed. (0x12B)
[0928/165849.258:ERROR:process_memory_win.cc(73)] ReadMemory at 0x1bcb9a02e40 of 132 bytes failed: Only part of a ReadProcessMemory or WriteProcessMemory request was completed. (0x12B)
[0928/165849.258:ERROR:process_memory_win.cc(73)] ReadMemory at 0x1bcb9a02f70 of 132 bytes failed: Only part of a ReadProcessMemory or WriteProcessMemory request was completed. (0x12B)
[0928/165849.258:ERROR:process_memory_win.cc(73)] ReadMemory at 0x1bcb9a030a0 of 132 bytes failed: Only part of a ReadProcessMemory or WriteProcessMemory request was completed. (0x12B)
[0928/165849.258:ERROR:process_memory_win.cc(73)] ReadMemory at 0x1bcb9a031d0 of 132 bytes failed: Only part of a ReadProcessMemory or WriteProcessMemory request was completed. (0x12B)
[0928/165849.259:ERROR:process_memory_win.cc(73)] ReadMemory at 0x1bcb9a03300 of 132 bytes failed: Only part of a ReadProcessMemory or WriteProcessMemory request was completed. (0x12B)
[0928/165849.259:ERROR:process_memory_win.cc(73)] ReadMemory at 0x1bcb9a03430 of 132 bytes failed: Only part of a ReadProcessMemory or WriteProcessMemory request was completed. (0x12B)
[0928/165849.259:ERROR:process_memory_win.cc(73)] ReadMemory at 0x1bcb9a03870 of 80 bytes failed: Only part of a ReadProcessMemory or WriteProcessMemory request was completed. (0x12B)
[0928/165849.259:ERROR:process_memory_win.cc(73)] ReadMemory at 0x1bcb9a038d0 of 76 bytes failed: Only part of a ReadProcessMemory or WriteProcessMemory request was completed. (0x12B)
[0928/165849.259:ERROR:process_memory_win.cc(73)] ReadMemory at 0x1bcb9a272e0 of 66 bytes failed: Only part of a ReadProcessMemory or WriteProcessMemory request was completed. (0x12B)
[0928/165849.259:ERROR:process_memory_win.cc(73)] ReadMemory at 0x1bcb9a274c0 of 60 bytes failed: Only part of a ReadProcessMemory or WriteProcessMemory request was completed. (0x12B)
[0928/165849.260:ERROR:process_memory_win.cc(73)] ReadMemory at 0x1bcb9a27650 of 60 bytes failed: Only part of a ReadProcessMemory or WriteProcessMemory request was completed. (0x12B)
[0928/165849.260:ERROR:process_memory_win.cc(73)] ReadMemory at 0x1bcb9a27bf0 of 58 bytes failed: Only part of a ReadProcessMemory or WriteProcessMemory request was completed. (0x12B)
[0928/165849.260:ERROR:process_memory_win.cc(73)] ReadMemory at 0x1bcb9a27c40 of 62 bytes failed: Only part of a ReadProcessMemory or WriteProcessMemory request was completed. (0x12B)
[0928/165849.260:ERROR:process_memory_win.cc(73)] ReadMemory at 0x1bcb9a27c90 of 58 bytes failed: Only part of a ReadProcessMemory or WriteProcessMemory request was completed. (0x12B)
[0928/165849.260:ERROR:process_memory_win.cc(73)] ReadMemory at 0x1bcb9a27dd0 of 62 bytes failed: Only part of a ReadProcessMemory or WriteProcessMemory request was completed. (0x12B)
[0928/165849.260:ERROR:process_memory_win.cc(73)] ReadMemory at 0x1bcb9a27e20 of 58 bytes failed: Only part of a ReadProcessMemory or WriteProcessMemory request was completed. (0x12B)
[0928/165849.261:ERROR:process_memory_win.cc(73)] ReadMemory at 0x1bcb9a281e0 of 62 bytes failed: Only part of a ReadProcessMemory or WriteProcessMemory request was completed. (0x12B)
[0928/165849.261:ERROR:process_memory_win.cc(73)] ReadMemory at 0x1bcb9a28230 of 64 bytes failed: Only part of a ReadProcessMemory or WriteProcessMemory request was completed. (0x12B)
[0928/165849.261:ERROR:process_memory_win.cc(73)] ReadMemory at 0x1bcb9a44bd0 of 78 bytes failed: Only part of a ReadProcessMemory or WriteProcessMemory request was completed. (0x12B)
[0928/165849.261:ERROR:process_memory_win.cc(73)] ReadMemory at 0x1bcb9a5da18 of 536 bytes failed: Only part of a ReadProcessMemory or WriteProcessMemory request was completed. (0x12B)
[0928/165849.261:ERROR:process_memory_win.cc(73)] ReadMemory at 0x1bcb9a5ec30 of 512 bytes failed: Only part of a ReadProcessMemory or WriteProcessMemory request was completed. (0x12B)
[0928/165849.261:ERROR:process_memory_win.cc(73)] ReadMemory at 0x1bcb9a68cf0 of 512 bytes failed: Only part of a ReadProcessMemory or WriteProcessMemory request was completed. (0x12B)
[0928/165849.272:ERROR:process_memory_win.cc(73)] ReadMemory at 0x1bcb9a696d0 of 712 bytes failed: Only part of a ReadProcessMemory or WriteProcessMemory request was completed. (0x12B)
[0928/165849.272:ERROR:process_memory_win.cc(73)] ReadMemory at 0x1bcb9a6c470 of 512 bytes failed: Only part of a ReadProcessMemory or WriteProcessMemory request was completed. (0x12B)
[0928/165849.272:ERROR:process_memory_win.cc(73)] ReadMemory at 0x1bcb9a78fc0 of 512 bytes failed: Only part of a ReadProcessMemory or WriteProcessMemory request was completed. (0x12B)
[0928/165849.272:ERROR:process_memory_win.cc(73)] ReadMemory at 0x1bcb9a80660 of 512 bytes failed: Only part of a ReadProcessMemory or WriteProcessMemory request was completed. (0x12B)
[0928/165849.273:ERROR:process_memory_win.cc(73)] ReadMemory at 0x1bcb9aae340 of 512 bytes failed: Only part of a ReadProcessMemory or WriteProcessMemory request was completed. (0x12B)
[0928/165849.273:ERROR:process_memory_win.cc(73)] ReadMemory at 0x1bcbb580000 of 384 bytes failed: Only part of a ReadProcessMemory or WriteProcessMemory request was completed. (0x12B)
[0928/165849.273:ERROR:process_memory_win.cc(73)] ReadMemory at 0x1bcbb58fe10 of 512 bytes failed: Only part of a ReadProcessMemory or WriteProcessMemory request was completed. (0x12B)
[0928/165849.273:ERROR:process_memory_win.cc(73)] ReadMemory at 0x1bcbb593cf0 of 512 bytes failed: Only part of a ReadProcessMemory or WriteProcessMemory request was completed. (0x12B)
[0928/165849.274:ERROR:process_memory_win.cc(73)] ReadMemory at 0x1bcbb5949e0 of 512 bytes failed: Only part of a ReadProcessMemory or WriteProcessMemory request was completed. (0x12B)
[0928/165849.274:ERROR:process_memory_win.cc(73)] ReadMemory at 0x1bcbb598d12 of 512 bytes failed: Only part of a ReadProcessMemory or WriteProcessMemory request was completed. (0x12B)
[0928/165849.274:ERROR:process_memory_win.cc(73)] ReadMemory at 0x1bcbb598fd4 of 512 bytes failed: Only part of a ReadProcessMemory or WriteProcessMemory request was completed. (0x12B)
[0928/165849.274:ERROR:process_memory_win.cc(73)] ReadMemory at 0x1bcbb633b30 of 512 bytes failed: Only part of a ReadProcessMemory or WriteProcessMemory request was completed. (0x12B)
[0928/165849.274:ERROR:process_memory_win.cc(73)] ReadMemory at 0x1bcbb8cfb50 of 512 bytes failed: Only part of a ReadProcessMemory or WriteProcessMemory request was completed. (0x12B)
[0928/165849.274:ERROR:process_memory_win.cc(73)] ReadMemory at 0x1bcbb97e290 of 512 bytes failed: Only part of a ReadProcessMemory or WriteProcessMemory request was completed. (0x12B)
[0928/165849.293:ERROR:process_memory_win.cc(73)] ReadMemory at 0x1bcbba710b0 of 512 bytes failed: Only part of a ReadProcessMemory or WriteProcessMemory request was completed. (0x12B)
[0928/165849.293:ERROR:process_memory_win.cc(73)] ReadMemory at 0x1bcbbe0d6f0 of 512 bytes failed: Only part of a ReadProcessMemory or WriteProcessMemory request was completed. (0x12B)
[0928/165849.294:ERROR:process_memory_win.cc(73)] ReadMemory at 0x1bcbbe942d0 of 512 bytes failed: Only part of a ReadProcessMemory or WriteProcessMemory request was completed. (0x12B)
[0928/165849.294:ERROR:process_memory_win.cc(73)] ReadMemory at 0x1bcc48e9500 of 512 bytes failed: Only part of a ReadProcessMemory or WriteProcessMemory request was completed. (0x12B)
[0928/165849.294:ERROR:process_memory_win.cc(73)] ReadMemory at 0x1bccf41b6b0 of 512 bytes failed: Only part of a ReadProcessMemory or WriteProcessMemory request was completed. (0x12B)
[0928/165849.294:ERROR:process_memory_win.cc(73)] ReadMemory at 0x1bcdc583fc0 of 512 bytes failed: Only part of a ReadProcessMemory or WriteProcessMemory request was completed. (0x12B)
[0928/165849.295:ERROR:process_memory_win.cc(73)] ReadMemory at 0x7ff9c1bad183 of 512 bytes failed: Only part of a ReadProcessMemory or WriteProcessMemory request was completed. (0x12B)
[0928/165849.295:ERROR:process_memory_win.cc(73)] ReadMemory at 0x7ff9c1bb0321 of 597 bytes failed: Only part of a ReadProcessMemory or WriteProcessMemory request was completed. (0x12B)
[0928/165849.295:ERROR:process_memory_win.cc(73)] ReadMemory at 0x7ff9c1c16cd0 of 512 bytes failed: Only part of a ReadProcessMemory or WriteProcessMemory request was completed. (0x12B)
[0928/165849.296:ERROR:process_memory_win.cc(73)] ReadMemory at 0x7ff9c3f3c6d2 of 512 bytes failed: Only part of a ReadProcessMemory or WriteProcessMemory request was completed. (0x12B)
[0928/165849.302:ERROR:process_memory_win.cc(73)] ReadMemory at 0x7ff9c44b5020 of 512 bytes failed: Only part of a ReadProcessMemory or WriteProcessMemory request was completed. (0x12B)
[0928/165849.303:ERROR:process_memory_win.cc(73)] ReadMemory at 0x7ff9c970cfbb of 512 bytes failed: Only part of a ReadProcessMemory or WriteProcessMemory request was completed. (0x12B)
[0928/165849.303:ERROR:process_memory_win.cc(73)] ReadMemory at 0x7ff9c9af3ab2 of 512 bytes failed: Only part of a ReadProcessMemory or WriteProcessMemory request was completed. (0x12B)
[0928/165849.303:ERROR:process_memory_win.cc(73)] ReadMemory at 0x7ff9ca3dbfd8 of 520 bytes failed: Only part of a ReadProcessMemory or WriteProcessMemory request was completed. (0x12B)
[0928/165849.303:ERROR:process_memory_win.cc(73)] ReadMemory at 0x7ffa0e0c3aa9 of 512 bytes failed: Only part of a ReadProcessMemory or WriteProcessMemory request was completed. (0x12B)
[0928/165849.303:ERROR:process_memory_win.cc(73)] ReadMemory at 0x7ffa0e2ed700 of 512 bytes failed: Only part of a ReadProcessMemory or WriteProcessMemory request was completed. (0x12B)
[0928/165849.303:ERROR:process_memory_win.cc(73)] ReadMemory at 0x7ffa100b1f80 of 512 bytes failed: Only part of a ReadProcessMemory or WriteProcessMemory request was completed. (0x12B)
[0928/165849.303:ERROR:process_memory_win.cc(73)] ReadMemory at 0x7ffa1113c074 of 672 bytes failed: Only part of a ReadProcessMemory or WriteProcessMemory request was completed. (0x12B)
[0928/165849.303:ERROR:process_memory_win.cc(73)] ReadMemory at 0x7ffa1113c674 of 512 bytes failed: Only part of a ReadProcessMemory or WriteProcessMemory request was completed. (0x12B)
[0928/165849.304:ERROR:process_memory_win.cc(73)] ReadMemory at 0x7ffa1113f924 of 608 bytes failed: Only part of a ReadProcessMemory or WriteProcessMemory request was completed. (0x12B)
[0928/165849.304:ERROR:process_memory_win.cc(73)] ReadMemory at 0x7ffa111cc428 of 18 bytes failed: Only part of a ReadProcessMemory or WriteProcessMemory request was completed. (0x12B)
[0928/165849.304:ERROR:process_memory_win.cc(73)] ReadMemory at 0x7ffa111ff4f8 of 40 bytes failed: Only part of a ReadProcessMemory or WriteProcessMemory request was completed. (0x12B)
[0928/165849.304:ERROR:process_memory_win.cc(73)] ReadMemory at 0x7ffa111ff978 of 48 bytes failed: Only part of a ReadProcessMemory or WriteProcessMemory request was completed. (0x12B)
[0928/165849.304:ERROR:process_memory_win.cc(73)] ReadMemory at 0x7ffa112053c0 of 64 bytes failed: Only part of a ReadProcessMemory or WriteProcessMemory request was completed. (0x12B)
[0928/165849.311:ERROR:scoped_process_suspend.cc(40)] NtResumeProcess: An attempt was made to access an exiting process. (0xc000010a)
