15:10:08.906 [main] INFO  com.kesav.Utility.BaseTest - -------------------SareeOrder---------------------------------
15:10:17.508 [main] DEBUG com.kesav.Utility.BaseTest -  Set property Successfully executed
15:10:17.528 [main] DEBUG com.kesav.Utility.BaseTest - Hitting Amazon Server
15:10:22.584 [main] DEBUG com.kesav.Utility.BaseTest - Amazon Server opened Successfully
15:10:32.969 [main] ERROR com.kesav.Constants.HomeSearchDropdownBox - searchIcon Not Clicked
15:12:33.752 [main] INFO  com.kesav.Utility.BaseTest - -------------------SareeOrder---------------------------------
15:12:42.159 [main] DEBUG com.kesav.Utility.BaseTest -  Set property Successfully executed
15:12:42.334 [main] DEBUG com.kesav.Utility.BaseTest - Hitting Amazon Server
15:12:48.673 [main] DEBUG com.kesav.Utility.BaseTest - Amazon Server opened Successfully
15:12:52.057 [main] ERROR com.kesav.Constants.HomeSearchDropdownBox - Clothing & Accessories Clicked
15:13:00.098 [main] ERROR com.kesav.Constants.HomeSearchDropdownBox - searchIcon Not Clicked
15:14:14.855 [main] INFO  com.kesav.Utility.BaseTest - -------------------SareeOrder---------------------------------
15:14:23.270 [main] DEBUG com.kesav.Utility.BaseTest -  Set property Successfully executed
15:14:23.288 [main] DEBUG com.kesav.Utility.BaseTest - Hitting Amazon Server
15:14:27.272 [main] DEBUG com.kesav.Utility.BaseTest - Amazon Server opened Successfully
15:14:31.314 [main] ERROR com.kesav.Constants.HomeSearchDropdownBox - Clothing & Accessories Clicked
15:14:39.377 [main] ERROR com.kesav.Constants.HomeSearchDropdownBox - searchIcon Not Clicked
15:31:08.399 [main] INFO  com.kesav.Utility.BaseTest - -------------------SareeOrder---------------------------------
15:31:17.879 [main] DEBUG com.kesav.Utility.BaseTest -  Set property Successfully executed
15:31:17.899 [main] DEBUG com.kesav.Utility.BaseTest - Hitting Amazon Server
15:31:23.039 [main] DEBUG com.kesav.Utility.BaseTest - Amazon Server opened Successfully
15:31:27.122 [main] ERROR com.kesav.Constants.HomeSearchDropdownBox - Clothing & Accessories Clicked
15:31:35.227 [main] ERROR com.kesav.Constants.HomeSearchDropdownBox - searchIcon Not Clicked
15:40:21.439 [main] INFO  com.kesav.Utility.BaseTest - -------------------SareeOrder---------------------------------
15:40:32.007 [main] DEBUG com.kesav.Utility.BaseTest -  Set property Successfully executed
15:40:32.036 [main] DEBUG com.kesav.Utility.BaseTest - Hitting Amazon Server
15:40:38.218 [main] DEBUG com.kesav.Utility.BaseTest - Amazon Server opened Successfully
15:40:45.654 [main] ERROR com.kesav.Constants.HomeSearchDropdownBox - Clothing & Accessories Clicked
15:40:49.825 [main] ERROR com.kesav.Constants.HomeSearchDropdownBox - searchIcon Clicked
15:40:57.841 [main] DEBUG com.kesav.Constants.HomeMenuComponents - fiftyFiveAbove  Clicked
15:40:59.155 [main] DEBUG com.kesav.Constants.AmountRange - LowPrice1  Clicked
15:40:59.590 [main] DEBUG com.kesav.Constants.AmountRange - MaxPrice1  Clicked
15:41:03.582 [main] DEBUG com.kesav.Constants.AmountRange - Go  Clicked
15:41:08.701 [main] ERROR com.kesav.Constants.HomeMenuComponents - womenCheckBox Not Clicked
